[debug] [2023-03-29T09:56:46.878Z] ----------------------------------------------------------------------
[debug] [2023-03-29T09:56:46.881Z] Command:       C:\Program Files\nodejs\node.exe C:\Users\ThomasDominic\AppData\Roaming\npm\node_modules\firebase-tools\lib\bin\firebase.js init hosting
[debug] [2023-03-29T09:56:46.883Z] CLI Version:   11.25.2
[debug] [2023-03-29T09:56:46.883Z] Platform:      win32
[debug] [2023-03-29T09:56:46.883Z] Node Version:  v16.13.1
[debug] [2023-03-29T09:56:46.886Z] Time:          Wed Mar 29 2023 15:26:46 GMT+0530 (India Standard Time)
[debug] [2023-03-29T09:56:46.886Z] ----------------------------------------------------------------------
[debug] 
[debug] [2023-03-29T09:56:46.904Z] > command requires scopes: ["email","openid","https://www.googleapis.com/auth/cloudplatformprojects.readonly","https://www.googleapis.com/auth/firebase","https://www.googleapis.com/auth/cloud-platform"]
[debug] [2023-03-29T09:56:46.905Z] > authorizing via signed-in user (thomas.kochikkaran@gmail.com)
[info] 
     ######## #### ########  ######## ########     ###     ######  ########
     ##        ##  ##     ## ##       ##     ##  ##   ##  ##       ##
     ######    ##  ########  ######   ########  #########  ######  ######
     ##        ##  ##    ##  ##       ##     ## ##     ##       ## ##
     ##       #### ##     ## ######## ########  ##     ##  ######  ########

You're about to initialize a Firebase project in this directory:

  C:\Works\Talview\Proctor\Hari\mocktrail v-1

Before we get started, keep in mind:

  * You are currently outside your home directory

[info] 
=== Project Setup
[info] 
[info] First, let's associate this project directory with a Firebase project.
[info] You can create multiple project aliases by running firebase use --add, 
[info] but for now we'll just set up a default project.
[info] 
[info] i  If you want to create a project in a Google Cloud organization or folder, please use "firebase projects:create" instead, and return to this command when you've created the project. 
[debug] [2023-03-29T09:58:21.167Z] > refreshing access token with scopes: []
[debug] [2023-03-29T09:58:21.171Z] >>> [apiv2][query] POST https://www.googleapis.com/oauth2/v3/token [none]
[debug] [2023-03-29T09:58:21.171Z] >>> [apiv2][body] POST https://www.googleapis.com/oauth2/v3/token [omitted]
[debug] [2023-03-29T09:58:21.420Z] <<< [apiv2][status] POST https://www.googleapis.com/oauth2/v3/token 200
[debug] [2023-03-29T09:58:21.421Z] <<< [apiv2][body] POST https://www.googleapis.com/oauth2/v3/token [omitted]
[debug] [2023-03-29T09:58:21.456Z] >>> [apiv2][query] POST https://cloudresourcemanager.googleapis.com/v1/projects [none]
[debug] [2023-03-29T09:58:21.456Z] >>> [apiv2][body] POST https://cloudresourcemanager.googleapis.com/v1/projects {"projectId":"hari-poc-1","name":"hari-poc-1"}
[debug] [2023-03-29T09:58:22.774Z] <<< [apiv2][status] POST https://cloudresourcemanager.googleapis.com/v1/projects 409
[debug] [2023-03-29T09:58:22.775Z] <<< [apiv2][body] POST https://cloudresourcemanager.googleapis.com/v1/projects {"error":{"code":409,"message":"Requested entity already exists","status":"ALREADY_EXISTS"}}
[debug] [2023-03-29T09:58:22.886Z] FirebaseError: HTTP Error: 409, Requested entity already exists
    at responseToError (C:\Users\ThomasDominic\AppData\Roaming\npm\node_modules\firebase-tools\lib\responseToError.js:49:12)
    at RetryOperation._fn (C:\Users\ThomasDominic\AppData\Roaming\npm\node_modules\firebase-tools\lib\apiv2.js:288:77)
    at processTicksAndRejections (node:internal/process/task_queues:96:5)
[error] 
[error] Error: Failed to create project because there is already a project with ID hari-poc-1. Please try again with a unique project ID.
[debug] [2023-03-29T09:59:25.942Z] ----------------------------------------------------------------------
[debug] [2023-03-29T09:59:25.945Z] Command:       C:\Program Files\nodejs\node.exe C:\Users\ThomasDominic\AppData\Roaming\npm\node_modules\firebase-tools\lib\bin\firebase.js init hosting
[debug] [2023-03-29T09:59:25.946Z] CLI Version:   11.25.2
[debug] [2023-03-29T09:59:25.947Z] Platform:      win32
[debug] [2023-03-29T09:59:25.947Z] Node Version:  v16.13.1
[debug] [2023-03-29T09:59:25.949Z] Time:          Wed Mar 29 2023 15:29:25 GMT+0530 (India Standard Time)
[debug] [2023-03-29T09:59:25.950Z] ----------------------------------------------------------------------
[debug] 
[debug] [2023-03-29T09:59:25.965Z] > command requires scopes: ["email","openid","https://www.googleapis.com/auth/cloudplatformprojects.readonly","https://www.googleapis.com/auth/firebase","https://www.googleapis.com/auth/cloud-platform"]
[debug] [2023-03-29T09:59:25.967Z] > authorizing via signed-in user (thomas.kochikkaran@gmail.com)
[info] 
     ######## #### ########  ######## ########     ###     ######  ########
     ##        ##  ##     ## ##       ##     ##  ##   ##  ##       ##
     ######    ##  ########  ######   ########  #########  ######  ######
     ##        ##  ##    ##  ##       ##     ## ##     ##       ## ##
     ##       #### ##     ## ######## ########  ##     ##  ######  ########

You're about to initialize a Firebase project in this directory:

  C:\Works\Talview\Proctor\Hari\mocktrail v-1

Before we get started, keep in mind:

  * You are currently outside your home directory

[info] 
=== Project Setup
[info] 
[info] First, let's associate this project directory with a Firebase project.
[info] You can create multiple project aliases by running firebase use --add, 
[info] but for now we'll just set up a default project.
[info] 
[debug] [2023-03-29T09:59:39.115Z] >>> [apiv2][query] GET https://firebase.googleapis.com/v1beta1/projects pageSize=100
[debug] [2023-03-29T09:59:40.497Z] <<< [apiv2][status] GET https://firebase.googleapis.com/v1beta1/projects 200
[debug] [2023-03-29T09:59:40.497Z] <<< [apiv2][body] GET https://firebase.googleapis.com/v1beta1/projects [omitted]
[info] i  Using project hari-poc-1 (Hari-POC-1) 
[info] 
=== Hosting Setup
[info] 
[info] Your public directory is the folder (relative to your project directory) that
[info] will contain Hosting assets to be uploaded with firebase deploy. If you
[info] have a build process for your assets, use your build's output directory.
[info] 
[debug] [2023-03-29T10:00:16.691Z] >>> [apiv2][query] GET https://www.gstatic.com/firebasejs/releases.json [none]
[debug] [2023-03-29T10:00:16.764Z] <<< [apiv2][status] GET https://www.gstatic.com/firebasejs/releases.json 200
[debug] [2023-03-29T10:00:16.764Z] <<< [apiv2][body] GET https://www.gstatic.com/firebasejs/releases.json {"current":{"version":"9.18.0","browserURL":"https://www.gstatic.com/firebasejs/9.18.0/firebase.js","packageURL":"https://www.gstatic.com/firebasejs/9.18.0/firebase.tgz"},"live":{"version":"9.18","browserURL":"https://www.gstatic.com/firebasejs/live/9.18/firebase.js","packageURL":"https://www.gstatic.com/firebasejs/live/9.18/firebase.tgz"},"components":{"analytics":"https://www.gstatic.com/firebasejs/9.18.0/firebase-analytics.js","app":"https://www.gstatic.com/firebasejs/9.18.0/firebase-app.js","app-check":"https://www.gstatic.com/firebasejs/9.18.0/firebase-app-check.js","auth":"https://www.gstatic.com/firebasejs/9.18.0/firebase-auth.js","auth/cordova":"https://www.gstatic.com/firebasejs/9.18.0/firebase-auth/cordova.js","auth/react-native":"https://www.gstatic.com/firebasejs/9.18.0/firebase-auth/react-native.js","functions":"https://www.gstatic.com/firebasejs/9.18.0/firebase-functions.js","firestore":"https://www.gstatic.com/firebasejs/9.18.0/firebase-firestore.js","firestore/lite":"https://www.gstatic.com/firebasejs/9.18.0/firebase-firestore/lite.js","installations":"https://www.gstatic.com/firebasejs/9.18.0/firebase-installations.js","storage":"https://www.gstatic.com/firebasejs/9.18.0/firebase-storage.js","performance":"https://www.gstatic.com/firebasejs/9.18.0/firebase-performance.js","remote-config":"https://www.gstatic.com/firebasejs/9.18.0/firebase-remote-config.js","messaging":"https://www.gstatic.com/firebasejs/9.18.0/firebase-messaging.js","messaging/sw":"https://www.gstatic.com/firebasejs/9.18.0/firebase-messaging/sw.js","database":"https://www.gstatic.com/firebasejs/9.18.0/firebase-database.js","firestore.memory":"https://www.gstatic.com/firebasejs/9.18.0/firebase-firestore.memory.js"}}
[info] +  Wrote y/index.html 
[info] 
[info] i  Detected a .git folder at C:\Works\Talview\Proctor\Hari\mocktrail v-1 
[info] i  Authorizing with GitHub to upload your service account to a GitHub repository's secrets store. 
[info] 
[info] Visit this URL on this device to log in:
[info] https://github.com/login/oauth/authorize?client_id=89cf50f02ac6aaed3484&state=129261147&redirect_uri=http%3A%2F%2Flocalhost%3A9005&scope=read%3Auser%20repo%20public_repo
[info] 
[info] Waiting for authentication...
[debug] [2023-03-29T10:08:43.407Z] >>> [apiv2][query] POST https://github.com/login/oauth/access_token [none]
[debug] [2023-03-29T10:08:43.407Z] >>> [apiv2][body] POST https://github.com/login/oauth/access_token [stream]
[debug] [2023-03-29T10:08:43.890Z] <<< [apiv2][status] POST https://github.com/login/oauth/access_token 200
[debug] [2023-03-29T10:08:43.891Z] <<< [apiv2][body] POST https://github.com/login/oauth/access_token {"access_token":"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","token_type":"bearer","scope":"read:user,repo"}
[debug] [2023-03-29T10:08:43.901Z] >>> [apiv2][query] GET https://api.github.com/user [none]
[debug] [2023-03-29T10:08:44.359Z] <<< [apiv2][status] GET https://api.github.com/user 200
[debug] [2023-03-29T10:08:44.359Z] <<< [apiv2][body] GET https://api.github.com/user {"login":"Kochikkaranthomas","id":96036437,"node_id":"U_kgDOBblmVQ","avatar_url":"https://avatars.githubusercontent.com/u/96036437?v=4","gravatar_id":"","url":"https://api.github.com/users/Kochikkaranthomas","html_url":"https://github.com/Kochikkaranthomas","followers_url":"https://api.github.com/users/Kochikkaranthomas/followers","following_url":"https://api.github.com/users/Kochikkaranthomas/following{/other_user}","gists_url":"https://api.github.com/users/Kochikkaranthomas/gists{/gist_id}","starred_url":"https://api.github.com/users/Kochikkaranthomas/starred{/owner}{/repo}","subscriptions_url":"https://api.github.com/users/Kochikkaranthomas/subscriptions","organizations_url":"https://api.github.com/users/Kochikkaranthomas/orgs","repos_url":"https://api.github.com/users/Kochikkaranthomas/repos","events_url":"https://api.github.com/users/Kochikkaranthomas/events{/privacy}","received_events_url":"https://api.github.com/users/Kochikkaranthomas/received_events","type":"User","site_admin":false,"name":null,"company":null,"blog":"","location":null,"email":null,"hireable":null,"bio":null,"twitter_username":null,"public_repos":1,"public_gists":0,"followers":0,"following":0,"created_at":"2021-12-13T04:16:52Z","updated_at":"2023-01-09T08:36:37Z","private_gists":0,"total_private_repos":1,"owned_private_repos":1,"disk_usage":0,"collaborators":0,"two_factor_authentication":true,"plan":{"name":"free","space":976562499,"collaborators":0,"private_repos":10000}}
[info] 
[info] +  Success! Logged into GitHub as Kochikkaranthomas 
[info] 
[debug] [2023-03-29T10:11:27.555Z] >>> [apiv2][query] GET https://api.github.com/repos/poc/new_proctorClient/actions/secrets/public-key type=owner
[debug] [2023-03-29T10:11:27.942Z] <<< [apiv2][status] GET https://api.github.com/repos/poc/new_proctorClient/actions/secrets/public-key 404
[debug] [2023-03-29T10:11:27.943Z] <<< [apiv2][body] GET https://api.github.com/repos/poc/new_proctorClient/actions/secrets/public-key {"message":"Not Found","documentation_url":"https://docs.github.com/rest/reference/actions#get-a-repository-public-key"}
[debug] [2023-03-29T10:11:30.087Z] >>> [apiv2][query] GET https://api.github.com/repos/poc/new_proctorClient/actions/secrets/public-key type=owner
[debug] [2023-03-29T10:11:30.464Z] <<< [apiv2][status] GET https://api.github.com/repos/poc/new_proctorClient/actions/secrets/public-key 404
[debug] [2023-03-29T10:11:30.464Z] <<< [apiv2][body] GET https://api.github.com/repos/poc/new_proctorClient/actions/secrets/public-key {"message":"Not Found","documentation_url":"https://docs.github.com/rest/reference/actions#get-a-repository-public-key"}
[debug] [2023-03-29T10:11:39.250Z] >>> [apiv2][query] GET https://api.github.com/repos/poc/new_proctorClient/actions/secrets/public-key type=owner
[debug] [2023-03-29T10:11:39.644Z] <<< [apiv2][status] GET https://api.github.com/repos/poc/new_proctorClient/actions/secrets/public-key 404
[debug] [2023-03-29T10:11:39.645Z] <<< [apiv2][body] GET https://api.github.com/repos/poc/new_proctorClient/actions/secrets/public-key {"message":"Not Found","documentation_url":"https://docs.github.com/rest/reference/actions#get-a-repository-public-key"}
[debug] [2023-03-29T10:12:09.543Z] >>> [apiv2][query] GET https://api.github.com/repos/user/poc/actions/secrets/public-key type=owner
[debug] [2023-03-29T10:12:09.915Z] <<< [apiv2][status] GET https://api.github.com/repos/user/poc/actions/secrets/public-key 404
[debug] [2023-03-29T10:12:09.915Z] <<< [apiv2][body] GET https://api.github.com/repos/user/poc/actions/secrets/public-key {"message":"Not Found","documentation_url":"https://docs.github.com/rest/reference/actions#get-a-repository-public-key"}
